[2025-11-26 11:54:41] ========================================
[2025-11-26 11:54:41] Starting post-update script
[2025-11-26 11:54:41] Repository: /home/jetson1/innate-os
[2025-11-26 11:54:41] ========================================
[2025-11-26 11:54:41] Stopping services to begin update...
[2025-11-26 11:54:41] Stopping tmux session: ros_nodes
[2025-11-26 11:54:42] Stopping discovery-server.service
[2025-11-26 11:54:42] All services stopped.
[2025-11-26 11:54:42] Checking systemd service files...
[2025-11-26 11:54:42] Copying ble-provisioner.service to /etc/systemd/system/
[2025-11-26 11:54:42] Copying discovery-server.service to /etc/systemd/system/
[2025-11-26 11:54:42] Copying ros-app.service to /etc/systemd/system/
[2025-11-26 11:54:42] Systemd daemon reloaded
[2025-11-26 11:54:42] Checking helper scripts...
[2025-11-26 11:54:42] Updating restart_robot_networking.sh
[2025-11-26 11:54:42] Updating launch_ros_in_tmux.sh
[2025-11-26 11:54:42] Checking udev rules...
[2025-11-26 11:54:42] Copying 99-rplidar.rules to /etc/udev/rules.d/
[2025-11-26 11:54:43] Udev rules reloaded
[2025-11-26 11:54:43] Checking Bluetooth configurations...
[2025-11-26 11:54:43] Updating /etc/bluetooth/main.conf
[2025-11-26 11:54:43] Updating bluetooth service override...
[2025-11-26 11:54:43] Systemd daemon reloaded after bluetooth override
[2025-11-26 11:54:43] Checking ROS2 workspace...
[2025-11-26 11:54:43] Rebuilding ROS2 workspace...
[2025-11-26 11:56:27] ROS2 workspace rebuilt successfully
[2025-11-26 11:56:27] Checking Python dependencies...
[2025-11-26 11:56:27] Restarting services...
[2025-11-26 11:56:27] Enabling and restarting bluetooth.service
[2025-11-26 11:56:40] Enabling and restarting discovery-server.service
[2025-11-26 11:56:40] Enabling and restarting ros-app.service
[2025-11-26 11:56:41] Launching ROS nodes in tmux...
[2025-11-26 11:56:41] ========================================
[2025-11-26 11:56:41] Post-update script completed successfully
[2025-11-26 11:56:41] ========================================
